<?xml version="1.0" encoding="UTF-8"?>
<!-- Generated by org.testng.reporters.JUnitXMLReporter -->
<testsuite hostname="RAMDSING-PZK6N" ignored="0" name="Default test" tests="2" failures="0" timestamp="2021-07-03T02:24:18 IST" time="24.269" errors="0">
  <testcase name="credentialsValidation" time="6.561" classname="framework.basic.automation.CredentialsTest"/>
  <testcase name="credentialsValidation" time="5.164" classname="framework.basic.automation.CredentialsTest"/>
</testsuite> <!-- Default test -->
