<?xml version="1.0" encoding="UTF-8"?>
<!-- Generated by org.testng.reporters.JUnitXMLReporter -->
<testsuite hostname="RAMDSING-PZK6N" ignored="0" name="Credential test" tests="2" failures="0" timestamp="2021-07-05T15:16:37 IST" time="0.762" errors="0">
  <testcase name="@BeforeMethod openApplication" time="0.016" classname="framework.basic.automation.CredentialsTest">
    <failure type="java.lang.NullPointerException">
      <![CDATA[java.lang.NullPointerException
at resources.Utilities.initializeDriver(Utilities.java:36)
at framework.basic.automation.CredentialsTest.openApplication(CredentialsTest.java:31)
at java.util.ArrayList.forEach(ArrayList.java:1259)
at java.util.concurrent.FutureTask.run(FutureTask.java:266)
at java.util.concurrent.ThreadPoolExecutor.runWorker(ThreadPoolExecutor.java:1149)
at java.util.concurrent.ThreadPoolExecutor$Worker.run(ThreadPoolExecutor.java:624)
at java.lang.Thread.run(Thread.java:748)
... Removed 22 stack frames]]>
    </failure>
  </testcase> <!-- @BeforeMethod openApplication -->
  <testcase name="@AfterMethod killBrowser" time="-1.625478397658E9" classname="framework.basic.automation.CredentialsTest">
    <skipped/>
  </testcase> <!-- @AfterMethod killBrowser -->
  <testcase name="@BeforeMethod openApplication" time="-1.625478397659E9" classname="framework.basic.automation.CredentialsTest">
    <skipped/>
  </testcase> <!-- @BeforeMethod openApplication -->
  <testcase name="@AfterMethod killBrowser" time="-1.625478397662E9" classname="framework.basic.automation.CredentialsTest">
    <skipped/>
  </testcase> <!-- @AfterMethod killBrowser -->
  <testcase name="credentialsValidation" time="0.0" classname="framework.basic.automation.CredentialsTest">
    <skipped/>
  </testcase> <!-- credentialsValidation -->
  <testcase name="credentialsValidation" time="0.0" classname="framework.basic.automation.CredentialsTest">
    <skipped/>
  </testcase> <!-- credentialsValidation -->
</testsuite> <!-- Credential test -->
