<?xml version="1.0" encoding="UTF-8"?>
<!-- Generated by org.testng.reporters.JUnitXMLReporter -->
<testsuite hostname="RAMDSING-PZK6N" ignored="0" name="Test" tests="4" failures="0" timestamp="2021-07-03T01:51:35 IST" time="38.272" errors="0">
  <testcase name="credentialsValidation" time="11.416" classname="framework.basic.automation.CredentialsTest"/>
  <testcase name="credentialsValidation" time="12.895" classname="framework.basic.automation.CredentialsTest"/>
  <testcase name="validateUserName" time="0.34" classname="framework.basic.automation.HomePageInfoTest"/>
  <testcase name="noRacism" time="0.26" classname="framework.basic.automation.HomePageInfoTest"/>
</testsuite> <!-- Test -->
