<?xml version="1.0" encoding="UTF-8"?>
<!-- Generated by org.testng.reporters.JUnitXMLReporter -->
<testsuite hostname="RAMDSING-PZK6N" ignored="0" name="Credential test" tests="2" failures="0" timestamp="2021-07-04T18:39:22 IST" time="24.816" errors="0">
  <testcase name="credentialsValidation" time="6.868" classname="framework.basic.automation.CredentialsTest"/>
  <testcase name="credentialsValidation" time="6.659" classname="framework.basic.automation.CredentialsTest"/>
</testsuite> <!-- Credential test -->
