<?xml version="1.0" encoding="UTF-8"?>
<testng-results skipped="0" failed="0" ignored="0" total="2" passed="2">
  <reporter-output>
  </reporter-output>
  <suite name="Suite" duration-ms="27812" started-at="2021-07-05T15:17:32 IST" finished-at="2021-07-05T15:18:00 IST">
    <groups>
    </groups>
    <test name="Credential test" duration-ms="27812" started-at="2021-07-05T15:17:32 IST" finished-at="2021-07-05T15:18:00 IST">
      <class name="framework.basic.automation.CredentialsTest">
        <test-method status="PASS" signature="openApplication()[pri:0, instance:framework.basic.automation.CredentialsTest@5f8e8a9d]" name="openApplication" is-config="true" duration-ms="6919" started-at="2021-07-05T15:17:32 IST" finished-at="2021-07-05T15:17:39 IST">
          <reporter-output>
          </reporter-output>
        </test-method> <!-- openApplication -->
        <test-method status="PASS" signature="credentialsValidation(java.util.Map)[pri:0, instance:framework.basic.automation.CredentialsTest@5f8e8a9d]" name="credentialsValidation" duration-ms="6384" started-at="2021-07-05T15:17:39 IST" data-provider="userCredentials" finished-at="2021-07-05T15:17:46 IST">
          <params>
            <param index="0">
              <value>
                <![CDATA[{Usertype=premium, User=Retrix, Username=retrixsingh01@gmail.com, Password=UmV0cml4MTIzIw}]]>
              </value>
            </param>
          </params>
          <reporter-output>
          </reporter-output>
        </test-method> <!-- credentialsValidation -->
        <test-method status="PASS" signature="killBrowser()[pri:0, instance:framework.basic.automation.CredentialsTest@5f8e8a9d]" name="killBrowser" is-config="true" duration-ms="806" started-at="2021-07-05T15:17:46 IST" finished-at="2021-07-05T15:17:46 IST">
          <reporter-output>
          </reporter-output>
        </test-method> <!-- killBrowser -->
        <test-method status="PASS" signature="openApplication()[pri:0, instance:framework.basic.automation.CredentialsTest@5f8e8a9d]" name="openApplication" is-config="true" duration-ms="5719" started-at="2021-07-05T15:17:46 IST" finished-at="2021-07-05T15:17:52 IST">
          <reporter-output>
          </reporter-output>
        </test-method> <!-- openApplication -->
        <test-method status="PASS" signature="credentialsValidation(java.util.Map)[pri:0, instance:framework.basic.automation.CredentialsTest@5f8e8a9d]" name="credentialsValidation" duration-ms="6485" started-at="2021-07-05T15:17:52 IST" data-provider="userCredentials" finished-at="2021-07-05T15:17:59 IST">
          <params>
            <param index="0">
              <value>
                <![CDATA[{Usertype=economy, User=RetrixAlpha, Username=retrixsingh02@gmail.com, Password=UmV0cml4MTIzIw}]]>
              </value>
            </param>
          </params>
          <reporter-output>
          </reporter-output>
        </test-method> <!-- credentialsValidation -->
        <test-method status="PASS" signature="killBrowser()[pri:0, instance:framework.basic.automation.CredentialsTest@5f8e8a9d]" name="killBrowser" is-config="true" duration-ms="978" started-at="2021-07-05T15:17:59 IST" finished-at="2021-07-05T15:18:00 IST">
          <reporter-output>
          </reporter-output>
        </test-method> <!-- killBrowser -->
      </class> <!-- framework.basic.automation.CredentialsTest -->
    </test> <!-- Credential test -->
  </suite> <!-- Suite -->
</testng-results>
