-------------------------------------------------------------------------------
Test set: TestSuite
-------------------------------------------------------------------------------
Tests run: 5, Failures: 1, Errors: 0, Skipped: 0, Time elapsed: 26.468 s <<< FAILURE! - in TestSuite
framework.basic.automation.HomePageInfoTest.noRacism  Time elapsed: 0.096 s  <<< FAILURE!
java.lang.AssertionError: expected [true] but found [false]
	at framework.basic.automation.HomePageInfoTest.noRacism(HomePageInfoTest.java:69)

