<?xml version="1.0" encoding="UTF-8"?>
<testsuite xmlns:xsi="http://www.w3.org/2001/XMLSchema-instance" xsi:noNamespaceSchemaLocation="https://maven.apache.org/surefire/maven-surefire-plugin/xsd/surefire-test-report-3.0.xsd" version="3.0" name="TestSuite" time="41.668" tests="5" errors="0" skipped="0" failures="1">
  <properties>
[...]
</properties>
  <testcase name="loginToApplication[{Usertype=premium, User=Ramdeep, Username=ramdeepmansa@gmail.com, Password=Real123#}](1)" classname="framework.basic.automation.HomePageInfoTest" time="9.61">
    <system-out><![CDATA[15:36:03.370 [TestNG-tests-2] INFO  framework.base.automation.HelperTest - ---------------------------------------------------- New Test Suite triggered --------------------------------------------------------
15:36:03.377 [TestNG-tests-2] INFO  framework.base.automation.HelperTest - try to initiate driver
chrome
15:36:04.228 [TestNG-tests-1] INFO  framework.base.automation.HelperTest - try to initiate driver
chrome
15:36:07.292 [TestNG-tests-1] INFO  framework.base.automation.HelperTest - driver initialized successfully
15:36:07.293 [TestNG-tests-1] INFO  framework.base.automation.HelperTest - navigated to environmentURL
15:36:14.984 [TestNG-tests-2] INFO  framework.base.automation.HelperTest - driver initialized successfully
15:36:15.117 [TestNG-tests-2] INFO  framework.base.automation.HelperTest - Test: loginToApplication started
15:36:16.091 [TestNG-tests-1] INFO  framework.base.automation.HelperTest - navigated to environmentURL successfully
15:36:16.093 [TestNG-tests-1] INFO  framework.base.automation.HelperTest - Test: credentialsValidation started
15:36:16.094 [TestNG-tests-1] INFO  framework.base.automation.HelperTest - fetched data from userCredentials dataProvider successfully
15:36:25.693 [TestNG-tests-2] INFO  framework.base.automation.HelperTest - Test: loginToApplication finished
]]></system-out>
    <system-err><![CDATA[Starting ChromeDriver 91.0.4472.101 (af52a90bf87030dd1523486a1cd3ae25c5d76c9b-refs/branch-heads/4472@{#1462}) on port 14295
Only local connections are allowed.
Please see https://chromedriver.chromium.org/security-considerations for suggestions on keeping ChromeDriver safe.
ChromeDriver was started successfully.
Starting ChromeDriver 91.0.4472.101 (af52a90bf87030dd1523486a1cd3ae25c5d76c9b-refs/branch-heads/4472@{#1462}) on port 5474
Only local connections are allowed.
Please see https://chromedriver.chromium.org/security-considerations for suggestions on keeping ChromeDriver safe.
ChromeDriver was started successfully.
Jul 04, 2021 3:36:06 PM org.openqa.selenium.remote.ProtocolHandshake createSession
INFO: Detected dialect: W3C
Jul 04, 2021 3:36:07 PM org.openqa.selenium.remote.ProtocolHandshake createSession
INFO: Detected dialect: W3C
]]></system-err>
  </testcase>
  <testcase name="validateUserName[{Usertype=premium, User=Ramdeep, Username=ramdeepmansa@gmail.com, Password=Real123#}](1)" classname="framework.basic.automation.HomePageInfoTest" time="0.088">
    <system-out><![CDATA[15:36:25.778 [TestNG-tests-2] INFO  framework.base.automation.HelperTest - Test: validateUserName started
15:36:25.861 [TestNG-tests-2] INFO  framework.base.automation.HelperTest - Test: validateUserName finished
]]></system-out>
  </testcase>
  <testcase name="noRacism" classname="framework.basic.automation.HomePageInfoTest" time="0.183">
    <failure message="expected [true] but found [false]" type="java.lang.AssertionError"><![CDATA[java.lang.AssertionError: expected [true] but found [false]
	at framework.basic.automation.HomePageInfoTest.noRacism(HomePageInfoTest.java:70)
]]></failure>
    <system-out><![CDATA[15:36:25.864 [TestNG-tests-2] INFO  framework.base.automation.HelperTest - Test: noRacism started
]]></system-out>
  </testcase>
  <testcase name="credentialsValidation[{Usertype=premium, User=Ramdeep, Username=ramdeepmansa@gmail.com, Password=Real123#}](1)" classname="framework.basic.automation.CredentialsTest" time="0.992">
    <system-out><![CDATA[15:36:26.856 [TestNG-tests-1] INFO  framework.base.automation.HelperTest - login tested successfully with a user
15:36:26.856 [TestNG-tests-1] INFO  framework.base.automation.HelperTest - Test: credentialsValidation finished
]]></system-out>
  </testcase>
  <testcase name="credentialsValidation[{Usertype=economy, User=Rami, Username=manshaia2311@gmail.com, Password=Real123#}](2)" classname="framework.basic.automation.CredentialsTest" time="7.466">
    <system-out><![CDATA[15:36:26.858 [TestNG-tests-1] INFO  framework.base.automation.HelperTest - try to close browser
15:36:27.039 [TestNG-tests-2] INFO  framework.base.automation.HelperTest - try to close browser
15:36:28.316 [TestNG-tests-2] INFO  framework.base.automation.HelperTest - browser closed successfully
15:36:28.609 [TestNG-tests-1] INFO  framework.base.automation.HelperTest - browser closed successfully
15:36:28.611 [TestNG-tests-1] INFO  framework.base.automation.HelperTest - try to initiate driver
chrome
15:36:31.462 [TestNG-tests-1] INFO  framework.base.automation.HelperTest - driver initialized successfully
15:36:31.463 [TestNG-tests-1] INFO  framework.base.automation.HelperTest - navigated to environmentURL
15:36:34.347 [TestNG-tests-1] INFO  framework.base.automation.HelperTest - navigated to environmentURL successfully
15:36:34.349 [TestNG-tests-1] INFO  framework.base.automation.HelperTest - Test: credentialsValidation started
15:36:34.349 [TestNG-tests-1] INFO  framework.base.automation.HelperTest - fetched data from userCredentials dataProvider successfully
15:36:41.835 [TestNG-tests-1] INFO  framework.base.automation.HelperTest - login tested successfully with a user
15:36:41.836 [TestNG-tests-1] INFO  framework.base.automation.HelperTest - Test: credentialsValidation finished
]]></system-out>
    <system-err><![CDATA[Starting ChromeDriver 91.0.4472.101 (af52a90bf87030dd1523486a1cd3ae25c5d76c9b-refs/branch-heads/4472@{#1462}) on port 43549
Only local connections are allowed.
Please see https://chromedriver.chromium.org/security-considerations for suggestions on keeping ChromeDriver safe.
ChromeDriver was started successfully.
Jul 04, 2021 3:36:31 PM org.openqa.selenium.remote.ProtocolHandshake createSession
INFO: Detected dialect: W3C
]]></system-err>
  </testcase>
</testsuite>