<?xml version="1.0" encoding="UTF-8"?>
<testsuite xmlns:xsi="http://www.w3.org/2001/XMLSchema-instance" xsi:noNamespaceSchemaLocation="https://maven.apache.org/surefire/maven-surefire-plugin/xsd/surefire-test-report-3.0.xsd" version="3.0" name="TestSuite" time="54.124" tests="8" errors="0" skipped="0" failures="2">
  <properties>
[...]
</properties>
  <testcase name="credentialsValidation[{Usertype=premium, User=Retrix, Username=retrixsingh01@gmail.com, Password=UmV0cml4MTIzIw}](1)" classname="framework.basic.automation.CredentialsTest" time="10.005">
    <system-out><![CDATA[[TestNG] [WARN] Ignoring duplicate listener : framework.basic.automation.Listeners
15:39:48.348 [TestNG-tests-2] INFO  framework.base.automation.HelperTest - ---------------------------------------------------- New Test Set triggered --------------------------------------------------------
15:39:48.355 [TestNG-tests-2] INFO  framework.base.automation.HelperTest - try to initiate driver
browser name is: chrome
15:39:49.014 [TestNG-tests-1] INFO  framework.base.automation.HelperTest - try to initiate driver
browser name is: chrome
15:39:52.046 [TestNG-tests-1] INFO  framework.base.automation.HelperTest - driver initialized successfully
15:39:52.046 [TestNG-tests-1] INFO  framework.base.automation.HelperTest - navigated to environmentURL
15:39:57.982 [TestNG-tests-1] INFO  framework.base.automation.HelperTest - navigated to environmentURL successfully
15:39:58.011 [TestNG-tests-1] INFO  framework.base.automation.HelperTest - Test: credentialsValidation started
15:39:58.047 [TestNG-tests-1] INFO  framework.base.automation.HelperTest - fetched data from userCredentials dataProvider successfully
15:39:58.144 [TestNG-tests-2] INFO  framework.base.automation.HelperTest - driver initialized successfully
15:39:58.295 [TestNG-tests-2] INFO  framework.base.automation.HelperTest - Test: loginToApplication started
15:40:09.583 [TestNG-tests-1] INFO  framework.base.automation.HelperTest - login tested successfully with a user
15:40:09.584 [TestNG-tests-1] INFO  framework.base.automation.HelperTest - Test: credentialsValidation finished
]]></system-out>
    <system-err><![CDATA[Starting ChromeDriver 91.0.4472.101 (af52a90bf87030dd1523486a1cd3ae25c5d76c9b-refs/branch-heads/4472@{#1462}) on port 40464
Only local connections are allowed.
Please see https://chromedriver.chromium.org/security-considerations for suggestions on keeping ChromeDriver safe.
ChromeDriver was started successfully.
Starting ChromeDriver 91.0.4472.101 (af52a90bf87030dd1523486a1cd3ae25c5d76c9b-refs/branch-heads/4472@{#1462}) on port 18419
Only local connections are allowed.
Please see https://chromedriver.chromium.org/security-considerations for suggestions on keeping ChromeDriver safe.
ChromeDriver was started successfully.
[1628676591.059][WARNING]: This version of ChromeDriver has not been tested with Chrome version 92.
[1628676591.111][WARNING]: This version of ChromeDriver has not been tested with Chrome version 92.
Aug 11, 2021 3:39:51 PM org.openqa.selenium.remote.ProtocolHandshake createSession
INFO: Detected dialect: W3C
Aug 11, 2021 3:39:51 PM org.openqa.selenium.remote.ProtocolHandshake createSession
INFO: Detected dialect: W3C
]]></system-err>
  </testcase>
  <testcase name="credentialsValidation[{Usertype=economy, User=RetrixAlpha, Username=retrixsingh02@gmail.com, Password=UmV0cml4MTIzIw}](2)" classname="framework.basic.automation.CredentialsTest" time="8.016">
    <system-out><![CDATA[15:40:11.669 [TestNG-tests-2] INFO  framework.base.automation.HelperTest - try to close browser
15:40:12.649 [TestNG-tests-2] INFO  framework.base.automation.HelperTest - browser closed successfully
15:40:14.678 [TestNG-tests-1] INFO  framework.base.automation.HelperTest - driver initialized successfully
15:40:14.678 [TestNG-tests-1] INFO  framework.base.automation.HelperTest - navigated to environmentURL
15:40:17.646 [TestNG-tests-1] INFO  framework.base.automation.HelperTest - navigated to environmentURL successfully
15:40:17.647 [TestNG-tests-1] INFO  framework.base.automation.HelperTest - Test: credentialsValidation started
15:40:17.647 [TestNG-tests-1] INFO  framework.base.automation.HelperTest - fetched data from userCredentials dataProvider successfully
15:40:25.792 [TestNG-tests-1] INFO  framework.base.automation.HelperTest - login tested successfully with a user
15:40:25.793 [TestNG-tests-1] INFO  framework.base.automation.HelperTest - Test: credentialsValidation finished
]]></system-out>
    <system-err><![CDATA[[1628676613.546][WARNING]: This version of ChromeDriver has not been tested with Chrome version 92.
Aug 11, 2021 3:40:14 PM org.openqa.selenium.remote.ProtocolHandshake createSession
INFO: Detected dialect: W3C
]]></system-err>
  </testcase>
  <testcase name="loginToApplication[{Usertype=premium, User=Retrix, Username=retrixsingh01@gmail.com, Password=UmV0cml4MTIzIw}](1)" classname="framework.basic.automation.HomePageInfoTest" time="10.719">
    <system-out><![CDATA[15:40:09.606 [TestNG-tests-1] INFO  framework.base.automation.HelperTest - try to close browser
15:40:10.368 [TestNG-tests-2] INFO  framework.base.automation.HelperTest - Test: loginToApplication finished
]]></system-out>
  </testcase>
  <testcase name="loginToApplication[{Usertype=premium, User=Retrix, Username=retrixsingh01@gmail.com, Password=UmV0cml4MTIzIw}](1)" classname="framework.basic.automation.HomePageInfoTest" time="6.995">
    <system-out><![CDATA[15:40:25.794 [TestNG-tests-1] INFO  framework.base.automation.HelperTest - try to close browser
15:40:26.352 [TestNG-tests-1] INFO  framework.base.automation.HelperTest - browser closed successfully
15:40:26.416 [TestNG-tests-1] INFO  framework.base.automation.HelperTest - ---------------------------------------------------- New Test Set triggered --------------------------------------------------------
15:40:26.417 [TestNG-tests-1] INFO  framework.base.automation.HelperTest - try to initiate driver
browser name is: chrome
15:40:31.831 [TestNG-tests-1] INFO  framework.base.automation.HelperTest - driver initialized successfully
15:40:31.940 [TestNG-tests-1] INFO  framework.base.automation.HelperTest - Test: loginToApplication started
15:40:39.174 [TestNG-tests-1] INFO  framework.base.automation.HelperTest - Test: loginToApplication finished
]]></system-out>
    <system-err><![CDATA[Starting ChromeDriver 91.0.4472.101 (af52a90bf87030dd1523486a1cd3ae25c5d76c9b-refs/branch-heads/4472@{#1462}) on port 13387
Only local connections are allowed.
Please see https://chromedriver.chromium.org/security-considerations for suggestions on keeping ChromeDriver safe.
ChromeDriver was started successfully.
[1628676627.909][WARNING]: This version of ChromeDriver has not been tested with Chrome version 92.
Aug 11, 2021 3:40:28 PM org.openqa.selenium.remote.ProtocolHandshake createSession
INFO: Detected dialect: W3C
]]></system-err>
  </testcase>
  <testcase name="validateUserName[{Usertype=premium, User=Retrix, Username=retrixsingh01@gmail.com, Password=UmV0cml4MTIzIw}](1)" classname="framework.basic.automation.HomePageInfoTest" time="0.142">
    <system-out><![CDATA[15:40:10.463 [TestNG-tests-2] INFO  framework.base.automation.HelperTest - Test: validateUserName started
15:40:10.572 [TestNG-tests-2] INFO  framework.base.automation.HelperTest - Test: validateUserName finished
]]></system-out>
  </testcase>
  <testcase name="validateUserName[{Usertype=premium, User=Retrix, Username=retrixsingh01@gmail.com, Password=UmV0cml4MTIzIw}](1)" classname="framework.basic.automation.HomePageInfoTest" time="0.099">
    <system-out><![CDATA[15:40:39.238 [TestNG-tests-1] INFO  framework.base.automation.HelperTest - Test: validateUserName started
15:40:39.305 [TestNG-tests-1] INFO  framework.base.automation.HelperTest - Test: validateUserName finished
]]></system-out>
  </testcase>
  <testcase name="noRacism" classname="framework.basic.automation.HomePageInfoTest" time="1.293">
    <failure message="expected [true] but found [false]" type="java.lang.AssertionError"><![CDATA[java.lang.AssertionError: expected [true] but found [false]
	at framework.basic.automation.HomePageInfoTest.noRacism(HomePageInfoTest.java:71)
]]></failure>
    <system-out><![CDATA[15:40:10.575 [TestNG-tests-2] INFO  framework.base.automation.HelperTest - Test: noRacism started
15:40:11.161 [TestNG-tests-1] INFO  framework.base.automation.HelperTest - browser closed successfully
15:40:11.163 [TestNG-tests-1] INFO  framework.base.automation.HelperTest - try to initiate driver
browser name is: chrome
]]></system-out>
    <system-err><![CDATA[Starting ChromeDriver 91.0.4472.101 (af52a90bf87030dd1523486a1cd3ae25c5d76c9b-refs/branch-heads/4472@{#1462}) on port 14802
Only local connections are allowed.
Please see https://chromedriver.chromium.org/security-considerations for suggestions on keeping ChromeDriver safe.
ChromeDriver was started successfully.
]]></system-err>
  </testcase>
  <testcase name="noRacism" classname="framework.basic.automation.HomePageInfoTest" time="0.735">
    <failure message="expected [true] but found [false]" type="java.lang.AssertionError"><![CDATA[java.lang.AssertionError: expected [true] but found [false]
	at framework.basic.automation.HomePageInfoTest.noRacism(HomePageInfoTest.java:71)
]]></failure>
    <system-out><![CDATA[15:40:39.307 [TestNG-tests-1] INFO  framework.base.automation.HelperTest - Test: noRacism started
]]></system-out>
  </testcase>
</testsuite>